03/25/2023 12:05:52 AM: INFO: ****************Test__001__Login******************
03/25/2023 12:05:52 AM: INFO: **************Verifying Home Page Title***********
03/25/2023 12:05:55 AM: INFO: **************Home Page Title is Passed***********
03/25/2023 12:05:56 AM: INFO: ****************Verifying Login Test******************
03/25/2023 12:06:02 AM: INFO: ****************Login Test is Passed******************
03/25/2023 12:32:36 AM: INFO: ****************Test__001__Login******************
03/25/2023 12:32:36 AM: INFO: **************Verifying Home Page Title***********
03/25/2023 12:32:39 AM: INFO: **************Home Page Title is Passed***********
03/25/2023 12:32:40 AM: INFO: ****************Verifying Login Test******************
03/25/2023 12:32:46 AM: INFO: ****************Login Test is Passed******************
03/25/2023 12:44:30 AM: INFO: ****************Test__001__Login******************
03/25/2023 12:44:30 AM: INFO: **************Verifying Home Page Title***********
03/25/2023 12:44:33 AM: INFO: **************Home Page Title is Passed***********
03/25/2023 12:44:34 AM: INFO: ****************Verifying Login Test******************
03/25/2023 12:44:40 AM: INFO: ****************Login Test is Passed******************
03/25/2023 12:48:06 AM: INFO: ****************Test__001__Login******************
03/25/2023 12:48:06 AM: INFO: **************Verifying Home Page Title***********
03/25/2023 12:48:08 AM: INFO: **************Home Page Title is Passed***********
03/25/2023 12:48:10 AM: INFO: ****************Verifying Login Test******************
03/25/2023 12:48:14 AM: INFO: ****************Login Test is Passed******************
03/25/2023 10:39:18 AM: INFO: ****************Test__001__Login******************
03/25/2023 10:39:18 AM: INFO: **************Verifying Home Page Title***********
03/25/2023 10:39:21 AM: INFO: **************Home Page Title is Passed***********
03/25/2023 10:39:22 AM: INFO: ****************Verifying Login Test******************
03/25/2023 10:39:30 AM: INFO: ****************Login Test is Passed******************
03/25/2023 10:57:16 AM: INFO: ****************Test__001__Login******************
03/25/2023 10:57:16 AM: INFO: **************Verifying Home Page Title***********
03/25/2023 10:57:19 AM: INFO: **************Home Page Title is Passed***********
03/25/2023 10:57:20 AM: INFO: ****************Verifying Login Test******************
03/25/2023 10:57:25 AM: INFO: ****************Login Test is Passed******************
03/25/2023 11:00:45 AM: INFO: ****************Test__001__Login******************
03/25/2023 11:00:45 AM: INFO: **************Verifying Home Page Title***********
03/25/2023 11:00:49 AM: INFO: **************Home Page Title is Passed***********
03/25/2023 11:00:55 AM: INFO: ****************Verifying Login Test******************
03/25/2023 11:01:02 AM: INFO: ****************Login Test is Passed******************
03/25/2023 11:05:06 AM: INFO: ****************Test__001__Login******************
03/25/2023 11:05:06 AM: INFO: **************Verifying Home Page Title***********
03/25/2023 11:05:09 AM: INFO: **************Home Page Title is Passed***********
03/25/2023 11:05:10 AM: INFO: ****************Verifying Login Test******************
03/25/2023 11:05:16 AM: INFO: ****************Login Test is Passed******************
03/25/2023 11:07:22 AM: INFO: ****************Test__001__Login******************
03/25/2023 11:07:22 AM: INFO: **************Verifying Home Page Title***********
03/25/2023 11:07:22 AM: INFO: ****************Verifying Login Test******************
03/25/2023 11:07:25 AM: INFO: **************Home Page Title is Passed***********
03/25/2023 11:07:28 AM: INFO: ****************Login Test is Passed******************
03/25/2023 11:20:23 AM: INFO: ****************Test__001__Login******************
03/25/2023 11:20:23 AM: INFO: **************Verifying Home Page Title***********
03/25/2023 11:20:26 AM: INFO: **************Home Page Title is Passed***********
03/25/2023 11:20:27 AM: INFO: ****************Verifying Login Test******************
03/25/2023 11:20:34 AM: INFO: ****************Login Test is Passed******************
03/25/2023 12:27:12 PM: INFO: ****************Test_002_DDT_Login******************
03/25/2023 12:27:12 PM: INFO: ****************Verifying Login Test******************
03/25/2023 12:27:20 PM: INFO: -------------------Login DDT test passed-----------------
03/25/2023 12:27:20 PM: INFO: -------------------End of DDT Test-----------------
03/25/2023 12:27:20 PM: INFO: -------------------Completed TC_Login_002_DDT-----------------
03/25/2023 12:28:03 PM: INFO: ****************Test_002_DDT_Login******************
03/25/2023 12:28:03 PM: INFO: ****************Verifying Login Test******************
03/25/2023 12:28:13 PM: INFO: -------------------Login DDT test passed-----------------
03/25/2023 12:28:13 PM: INFO: -------------------End of DDT Test-----------------
03/25/2023 12:28:13 PM: INFO: -------------------Completed TC_Login_002_DDT-----------------
03/25/2023 12:34:18 PM: INFO: ****************Test_002_DDT_Login******************
03/25/2023 12:34:18 PM: INFO: ****************Verifying Login Test******************
03/25/2023 12:34:27 PM: INFO: ****************Login Test is Passed******************
03/25/2023 12:34:46 PM: INFO: -------------------Login DDT test passed-----------------
03/25/2023 12:34:46 PM: INFO: -------------------End of DDT Test-----------------
03/25/2023 12:34:46 PM: INFO: -------------------Completed TC_Login_002_DDT-----------------
